
> backend@1.0.0 dev
> nodemon --exec ts-node src/index.ts

[33m[nodemon] 3.1.10[39m
[33m[nodemon] to restart at any time, enter `rs`[39m
[33m[nodemon] watching path(s): src/**/*[39m
[33m[nodemon] watching extensions: ts,js[39m
[32m[nodemon] starting `ts-node src/index.ts`[39m
⚠️  Cleaned endpoint from https://cb6f13f326ed2ce20e7a004078751a8c.r2.cloudflarestorage.com/termsconditions to https://cb6f13f326ed2ce20e7a004078751a8c.r2.cloudflarestorage.com
R2 Configuration initialized: {
  endpoint: 'https://cb6f13f326ed2ce20e7a004078751a8c.r2.cloudflarestorage.com',
  termsAndConditionsBucket: 'termsconditions',
  userAgreementsBucket: 'useragreements',
  termsPublicDomain: 'https://pub-c857040dd8b04257a9c8881a70d5759a.r2.dev',
  userAgreementsPublicDomain: 'https://pub-f419c4a70b0e43678d4b60ea2eac8295.r2.dev',
  hasAccessKey: true,
  hasSecretKey: true
}
Server running on port 3001
(node:44852) NOTE: The AWS SDK for JavaScript (v2) is in maintenance mode.
 SDK releases are limited to address critical bug fixes and security issues only.

Please migrate your code to use AWS SDK for JavaScript (v3).
For more information, check the blog post at https://a.co/cUPnyil
(Use `node --trace-warnings ...` to show where the warning was created)
node:events:496
      throw er; // Unhandled 'error' event
      ^

Error: read EIO
    at TTY.onStreamRead (node:internal/stream_base_commons:218:20)
Emitted 'error' event on ReadStream instance at:
    at emitErrorNT (node:internal/streams/destroy:169:8)
    at emitErrorCloseNT (node:internal/streams/destroy:128:3)
    at process.processTicksAndRejections (node:internal/process/task_queues:82:21) {
  errno: -5,
  code: 'EIO',
  syscall: 'read'
}

Node.js v20.18.1
